<?xml version="1.0" encoding="UTF-8"?>
<!-- Generated by org.testng.reporters.JUnitReportReporter -->
<testsuite skipped="0" hostname="HP" name="com.wh.qa.testcases.LoginPageTest" tests="3" failures="0" timestamp="11 Jan 2020 08:02:59 GMT" time="47.427" errors="0">
  <testcase name="setUp" time="8.815" classname="com.wh.qa.testcases.LoginPageTest"/>
  <testcase name="loginPageTitleTest" time="0.023" classname="com.wh.qa.testcases.LoginPageTest"/>
  <testcase name="LoginTest" time="38.589" classname="com.wh.qa.testcases.LoginPageTest"/>
</testsuite> <!-- com.wh.qa.testcases.LoginPageTest -->
