<?xml version="1.0" encoding="UTF-8"?>
<!-- Generated by org.testng.reporters.JUnitReportReporter -->
<testsuite skipped="0" hostname="HP" name="com.fb.qa.testcases.fbStatusPostingValidation" tests="3" failures="0" timestamp="16 Jan 2020 12:18:41 GMT" time="88.503" errors="0">
  <testcase name="loginPageTitleTest" time="50.551" classname="com.fb.qa.testcases.fbStatusPostingValidation"/>
  <testcase name="homePageTitleTest" time="0.124" classname="com.fb.qa.testcases.fbStatusPostingValidation"/>
  <testcase name="postStatusMessageValidate" time="37.828" classname="com.fb.qa.testcases.fbStatusPostingValidation"/>
</testsuite> <!-- com.fb.qa.testcases.fbStatusPostingValidation -->
