<?xml version="1.0" encoding="UTF-8"?>
<!-- Generated by org.testng.reporters.JUnitReportReporter -->
<testsuite skipped="0" hostname="HP" name="com.fb.qa.testcases.fbStatusPostingValidation" tests="3" failures="0" timestamp="17 Jan 2020 10:47:10 GMT" time="50.706" errors="0">
  <testcase name="loginPageTitleTest" time="36.221" classname="com.fb.qa.testcases.fbStatusPostingValidation"/>
  <testcase name="homePageTitleTest" time="0.047" classname="com.fb.qa.testcases.fbStatusPostingValidation"/>
  <testcase name="postStatusMessageValidate" time="14.438" classname="com.fb.qa.testcases.fbStatusPostingValidation"/>
</testsuite> <!-- com.fb.qa.testcases.fbStatusPostingValidation -->
